<?xml version="1.0" encoding="UTF-8"?>
<testng-results skipped="0" failed="0" ignored="0" total="1" passed="1">
  <reporter-output>
  </reporter-output>
  <suite name="Default suite" duration-ms="38287" started-at="2020-10-09T13:49:04 IST" finished-at="2020-10-09T13:49:42 IST">
    <groups>
    </groups>
    <test name="Default test" duration-ms="38287" started-at="2020-10-09T13:49:04 IST" finished-at="2020-10-09T13:49:42 IST">
      <class name="com.atmecs.excelphp.testscript.ChatClass">
        <test-method status="PASS" signature="browserSetUp()[pri:0, instance:com.atmecs.excelphp.testscript.ChatClass@1c3a4799]" name="browserSetUp" is-config="true" duration-ms="6925" started-at="2020-10-09T13:49:05 IST" finished-at="2020-10-09T13:49:12 IST">
          <reporter-output>
          </reporter-output>
        </test-method> <!-- browserSetUp -->
        <test-method status="PASS" signature="startChat(java.lang.String, java.lang.String, java.lang.String)[pri:0, instance:com.atmecs.excelphp.testscript.ChatClass@1c3a4799]" name="startChat" duration-ms="29136" started-at="2020-10-09T13:49:12 IST" data-provider="Data" finished-at="2020-10-09T13:49:41 IST">
          <params>
            <param index="0">
              <value>
                <![CDATA[MdRizwan]]>
              </value>
            </param>
            <param index="1">
              <value>
                <![CDATA[rizwan@gmail.com]]>
              </value>
            </param>
            <param index="2">
              <value>
                <![CDATA[rizwan@gmail.com]]>
              </value>
            </param>
          </params>
          <reporter-output>
          </reporter-output>
        </test-method> <!-- startChat -->
        <test-method status="PASS" signature="closeBrowser()[pri:0, instance:com.atmecs.excelphp.testscript.ChatClass@1c3a4799]" name="closeBrowser" is-config="true" duration-ms="1427" started-at="2020-10-09T13:49:41 IST" finished-at="2020-10-09T13:49:42 IST">
          <reporter-output>
          </reporter-output>
        </test-method> <!-- closeBrowser -->
      </class> <!-- com.atmecs.excelphp.testscript.ChatClass -->
    </test> <!-- Default test -->
  </suite> <!-- Default suite -->
</testng-results>
